{"contracts/MembershipToken.sol":{"l":{"39":0,"43":0,"52":0,"59":0,"63":3,"64":3,"68":1,"69":1,"70":1,"71":1,"72":1,"76":2,"77":2,"78":2,"83":3,"87":0,"88":0,"92":0,"93":0,"94":0,"95":0,"96":0,"100":1,"101":1,"102":1,"103":1,"107":1,"108":1,"109":1,"110":1,"111":1,"116":3,"120":0,"124":0,"125":0,"126":0,"130":2,"134":2,"138":2,"146":1,"147":1,"148":1,"149":0,"155":0},"path":"/Users/dev/art/tech-noire/contracts/MembershipToken.sol","s":{"1":0,"2":0,"3":0,"4":0,"5":3,"6":1,"7":1,"8":1,"9":1,"10":1,"11":2,"12":2,"13":2,"14":3,"15":0,"16":0,"17":0,"18":0,"19":0,"20":0,"21":0,"22":1,"23":1,"24":1,"25":1,"26":1,"27":1,"28":1,"29":1,"30":3,"31":0,"32":0,"33":0,"34":0,"35":2,"36":2,"37":1,"38":1,"39":1,"40":0,"41":0},"b":{"1":[3,0],"2":[1,0],"3":[1,0],"4":[1,0],"5":[2,0],"6":[0,0],"7":[0,0],"8":[1,0],"9":[0,1],"10":[0,0],"11":[2,0],"12":[0,1]},"f":{"1":3,"2":0,"3":0,"4":0,"5":0,"6":3,"7":1,"8":2,"9":3,"10":0,"11":0,"12":1,"13":1,"14":3,"15":0,"16":0,"17":2,"18":2,"19":1,"20":0},"fnMap":{"1":{"name":"constructor","line":36,"loc":{"start":{"line":31,"column":4},"end":{"line":36,"column":60}}},"2":{"name":"setBaseURI","line":38,"loc":{"start":{"line":38,"column":4},"end":{"line":40,"column":4}}},"3":{"name":"_baseURI","line":42,"loc":{"start":{"line":42,"column":4},"end":{"line":44,"column":4}}},"4":{"name":"tokenURI","line":46,"loc":{"start":{"line":46,"column":4},"end":{"line":56,"column":4}}},"5":{"name":"setStaff","line":58,"loc":{"start":{"line":58,"column":4},"end":{"line":60,"column":4}}},"6":{"name":"notExiled","line":62,"loc":{"start":{"line":62,"column":4},"end":{"line":65,"column":4}}},"7":{"name":"join","line":67,"loc":{"start":{"line":67,"column":4},"end":{"line":73,"column":4}}},"8":{"name":"_renew","line":75,"loc":{"start":{"line":75,"column":4},"end":{"line":79,"column":4}}},"9":{"name":"isSubscribed","line":82,"loc":{"start":{"line":82,"column":4},"end":{"line":84,"column":4}}},"10":{"name":"renew","line":86,"loc":{"start":{"line":86,"column":4},"end":{"line":89,"column":4}}},"11":{"name":"repatriate","line":91,"loc":{"start":{"line":91,"column":4},"end":{"line":97,"column":4}}},"12":{"name":"banish","line":99,"loc":{"start":{"line":99,"column":4},"end":{"line":104,"column":4}}},"13":{"name":"_remove","line":106,"loc":{"start":{"line":106,"column":4},"end":{"line":113,"column":4}}},"14":{"name":"isBanished","line":115,"loc":{"start":{"line":115,"column":4},"end":{"line":117,"column":4}}},"15":{"name":"unsubscribe","line":119,"loc":{"start":{"line":119,"column":4},"end":{"line":121,"column":4}}},"16":{"name":"_unsubscribe","line":123,"loc":{"start":{"line":123,"column":4},"end":{"line":127,"column":4}}},"17":{"name":"onlyStaff","line":129,"loc":{"start":{"line":129,"column":4},"end":{"line":135,"column":4}}},"18":{"name":"members","line":137,"loc":{"start":{"line":137,"column":4},"end":{"line":139,"column":4}}},"19":{"name":"_beforeTokenTransfer","line":141,"loc":{"start":{"line":141,"column":4},"end":{"line":151,"column":4}}},"20":{"name":"explode","line":154,"loc":{"start":{"line":154,"column":4},"end":{"line":156,"column":4}}}},"statementMap":{"1":{"start":{"line":39,"column":8},"end":{"line":39,"column":24}},"2":{"start":{"line":43,"column":8},"end":{"line":43,"column":27}},"3":{"start":{"line":52,"column":8},"end":{"line":52,"column":1485}},"4":{"start":{"line":59,"column":8},"end":{"line":59,"column":16}},"5":{"start":{"line":63,"column":8},"end":{"line":63,"column":35}},"6":{"start":{"line":68,"column":8},"end":{"line":68,"column":51}},"7":{"start":{"line":69,"column":8},"end":{"line":69,"column":55}},"8":{"start":{"line":70,"column":8},"end":{"line":70,"column":63}},"9":{"start":{"line":71,"column":8},"end":{"line":71,"column":41}},"10":{"start":{"line":72,"column":8},"end":{"line":72,"column":52}},"11":{"start":{"line":76,"column":8},"end":{"line":76,"column":51}},"12":{"start":{"line":77,"column":8},"end":{"line":77,"column":30}},"13":{"start":{"line":78,"column":8},"end":{"line":78,"column":42}},"14":{"start":{"line":83,"column":8},"end":{"line":83,"column":46}},"15":{"start":{"line":87,"column":8},"end":{"line":87,"column":55}},"16":{"start":{"line":88,"column":8},"end":{"line":88,"column":52}},"17":{"start":{"line":92,"column":8},"end":{"line":92,"column":54}},"18":{"start":{"line":93,"column":8},"end":{"line":93,"column":29}},"19":{"start":{"line":94,"column":8},"end":{"line":94,"column":49}},"20":{"start":{"line":95,"column":8},"end":{"line":95,"column":24}},"21":{"start":{"line":96,"column":8},"end":{"line":96,"column":38}},"22":{"start":{"line":100,"column":8},"end":{"line":100,"column":43}},"23":{"start":{"line":101,"column":8},"end":{"line":101,"column":28}},"24":{"start":{"line":102,"column":8},"end":{"line":102,"column":22}},"25":{"start":{"line":103,"column":8},"end":{"line":103,"column":46}},"26":{"start":{"line":107,"column":8},"end":{"line":107,"column":3206}},"27":{"start":{"line":108,"column":12},"end":{"line":108,"column":43}},"28":{"start":{"line":109,"column":12},"end":{"line":109,"column":42}},"29":{"start":{"line":110,"column":12},"end":{"line":110,"column":21}},"30":{"start":{"line":116,"column":8},"end":{"line":116,"column":29}},"31":{"start":{"line":120,"column":8},"end":{"line":120,"column":31}},"32":{"start":{"line":124,"column":8},"end":{"line":124,"column":54}},"33":{"start":{"line":125,"column":8},"end":{"line":125,"column":23}},"34":{"start":{"line":126,"column":8},"end":{"line":126,"column":22}},"35":{"start":{"line":130,"column":8},"end":{"line":130,"column":3787}},"36":{"start":{"line":138,"column":8},"end":{"line":138,"column":19}},"37":{"start":{"line":146,"column":8},"end":{"line":146,"column":29}},"38":{"start":{"line":147,"column":8},"end":{"line":147,"column":20}},"39":{"start":{"line":148,"column":8},"end":{"line":148,"column":4217}},"40":{"start":{"line":149,"column":12},"end":{"line":149,"column":29}},"41":{"start":{"line":155,"column":8},"end":{"line":155,"column":37}}},"branchMap":{"1":{"line":63,"type":"if","locations":[{"start":{"line":63,"column":8},"end":{"line":63,"column":8}},{"start":{"line":63,"column":8},"end":{"line":63,"column":8}}]},"2":{"line":68,"type":"if","locations":[{"start":{"line":68,"column":8},"end":{"line":68,"column":8}},{"start":{"line":68,"column":8},"end":{"line":68,"column":8}}]},"3":{"line":69,"type":"if","locations":[{"start":{"line":69,"column":8},"end":{"line":69,"column":8}},{"start":{"line":69,"column":8},"end":{"line":69,"column":8}}]},"4":{"line":70,"type":"if","locations":[{"start":{"line":70,"column":8},"end":{"line":70,"column":8}},{"start":{"line":70,"column":8},"end":{"line":70,"column":8}}]},"5":{"line":76,"type":"if","locations":[{"start":{"line":76,"column":8},"end":{"line":76,"column":8}},{"start":{"line":76,"column":8},"end":{"line":76,"column":8}}]},"6":{"line":87,"type":"if","locations":[{"start":{"line":87,"column":8},"end":{"line":87,"column":8}},{"start":{"line":87,"column":8},"end":{"line":87,"column":8}}]},"7":{"line":92,"type":"if","locations":[{"start":{"line":92,"column":8},"end":{"line":92,"column":8}},{"start":{"line":92,"column":8},"end":{"line":92,"column":8}}]},"8":{"line":100,"type":"if","locations":[{"start":{"line":100,"column":8},"end":{"line":100,"column":8}},{"start":{"line":100,"column":8},"end":{"line":100,"column":8}}]},"9":{"line":108,"type":"if","locations":[{"start":{"line":108,"column":12},"end":{"line":108,"column":12}},{"start":{"line":108,"column":12},"end":{"line":108,"column":12}}]},"10":{"line":124,"type":"if","locations":[{"start":{"line":124,"column":8},"end":{"line":124,"column":8}},{"start":{"line":124,"column":8},"end":{"line":124,"column":8}}]},"11":{"line":130,"type":"if","locations":[{"start":{"line":130,"column":8},"end":{"line":130,"column":8}},{"start":{"line":130,"column":8},"end":{"line":130,"column":8}}]},"12":{"line":148,"type":"if","locations":[{"start":{"line":148,"column":8},"end":{"line":148,"column":8}},{"start":{"line":148,"column":8},"end":{"line":148,"column":8}}]}}}}