{"contracts/IMembership.sol":{"l":{},"path":"/Users/dev/art/tech-noire/contracts/IMembership.sol","s":{},"b":{},"f":{},"fnMap":{},"statementMap":{},"branchMap":{}},"contracts/MembershipBase.sol":{"l":{"23":0,"27":0,"31":1,"35":1,"44":0,"45":0,"46":0,"57":0,"66":1,"67":1,"71":1,"72":1,"78":0,"79":0,"80":0},"path":"/Users/dev/art/tech-noire/contracts/MembershipBase.sol","s":{"1":0,"2":1,"3":0,"4":0,"5":0,"6":0,"7":1,"8":1,"9":1,"10":0,"11":0},"b":{"1":[0,0],"2":[1,0],"3":[1,0]},"f":{"1":0,"2":1,"3":0,"4":0,"5":1,"6":0},"fnMap":{"1":{"name":"onlyMembers","line":22,"loc":{"start":{"line":22,"column":4},"end":{"line":28,"column":4}}},"2":{"name":"onlyNonMembers","line":30,"loc":{"start":{"line":30,"column":4},"end":{"line":36,"column":4}}},"3":{"name":"membershipInfo","line":39,"loc":{"start":{"line":39,"column":4},"end":{"line":47,"column":4}}},"4":{"name":"supportsInterface","line":50,"loc":{"start":{"line":50,"column":4},"end":{"line":60,"column":4}}},"5":{"name":"_join","line":65,"loc":{"start":{"line":65,"column":4},"end":{"line":73,"column":4}}},"6":{"name":"_remove","line":77,"loc":{"start":{"line":77,"column":4},"end":{"line":81,"column":4}}}},"statementMap":{"1":{"start":{"line":23,"column":8},"end":{"line":23,"column":557}},"2":{"start":{"line":31,"column":8},"end":{"line":31,"column":728}},"3":{"start":{"line":44,"column":8},"end":{"line":44,"column":56}},"4":{"start":{"line":45,"column":8},"end":{"line":45,"column":29}},"5":{"start":{"line":46,"column":8},"end":{"line":46,"column":29}},"6":{"start":{"line":57,"column":8},"end":{"line":57,"column":1366}},"7":{"start":{"line":66,"column":8},"end":{"line":66,"column":58}},"8":{"start":{"line":67,"column":8},"end":{"line":67,"column":1736}},"9":{"start":{"line":72,"column":8},"end":{"line":72,"column":54}},"10":{"start":{"line":78,"column":8},"end":{"line":78,"column":56}},"11":{"start":{"line":79,"column":8},"end":{"line":79,"column":59}}},"branchMap":{"1":{"line":23,"type":"if","locations":[{"start":{"line":23,"column":8},"end":{"line":23,"column":8}},{"start":{"line":23,"column":8},"end":{"line":23,"column":8}}]},"2":{"line":31,"type":"if","locations":[{"start":{"line":31,"column":8},"end":{"line":31,"column":8}},{"start":{"line":31,"column":8},"end":{"line":31,"column":8}}]},"3":{"line":66,"type":"if","locations":[{"start":{"line":66,"column":8},"end":{"line":66,"column":8}},{"start":{"line":66,"column":8},"end":{"line":66,"column":8}}]}}},"contracts/MembershipWithRenewal.sol":{"l":{"12":0,"13":0},"path":"/Users/dev/art/tech-noire/contracts/MembershipWithRenewal.sol","s":{"1":0,"2":0},"b":{},"f":{"1":0},"fnMap":{"1":{"name":"_renew","line":11,"loc":{"start":{"line":11,"column":4},"end":{"line":14,"column":4}}}},"statementMap":{"1":{"start":{"line":12,"column":8},"end":{"line":12,"column":61}},"2":{"start":{"line":13,"column":8},"end":{"line":13,"column":55}}},"branchMap":{}},"contracts/mocks/ERC721MembersOnly.sol":{"l":{"38":0,"43":1,"44":1,"45":1,"50":0,"55":1,"59":0,"60":0,"64":0,"72":0,"73":0},"path":"/Users/dev/art/tech-noire/contracts/mocks/ERC721MembersOnly.sol","s":{"1":0,"2":1,"3":1,"4":1,"5":0,"6":1,"7":0,"8":0,"9":0,"10":0,"11":0,"12":0},"b":{"1":[1,0],"2":[1,0],"3":[0,0],"4":[0,0]},"f":{"1":3,"2":0,"3":1,"4":0,"5":1,"6":0,"7":0,"8":0},"fnMap":{"1":{"name":"constructor","line":28,"loc":{"start":{"line":23,"column":4},"end":{"line":28,"column":60}}},"2":{"name":"supportsInterface","line":31,"loc":{"start":{"line":31,"column":4},"end":{"line":39,"column":4}}},"3":{"name":"join","line":42,"loc":{"start":{"line":42,"column":4},"end":{"line":46,"column":4}}},"4":{"name":"memberMint","line":49,"loc":{"start":{"line":49,"column":4},"end":{"line":51,"column":4}}},"5":{"name":"isMember","line":54,"loc":{"start":{"line":54,"column":4},"end":{"line":56,"column":4}}},"6":{"name":"renew","line":58,"loc":{"start":{"line":58,"column":4},"end":{"line":61,"column":4}}},"7":{"name":"leave","line":63,"loc":{"start":{"line":63,"column":4},"end":{"line":65,"column":4}}},"8":{"name":"_beforeTokenTransfer","line":67,"loc":{"start":{"line":67,"column":4},"end":{"line":74,"column":4}}}},"statementMap":{"1":{"start":{"line":38,"column":8},"end":{"line":38,"column":51}},"2":{"start":{"line":43,"column":8},"end":{"line":43,"column":46}},"3":{"start":{"line":44,"column":8},"end":{"line":44,"column":55}},"4":{"start":{"line":45,"column":8},"end":{"line":45,"column":51}},"5":{"start":{"line":50,"column":8},"end":{"line":50,"column":36}},"6":{"start":{"line":55,"column":8},"end":{"line":55,"column":57}},"7":{"start":{"line":59,"column":8},"end":{"line":59,"column":55}},"8":{"start":{"line":60,"column":8},"end":{"line":60,"column":52}},"9":{"start":{"line":64,"column":8},"end":{"line":64,"column":26}},"10":{"start":{"line":72,"column":8},"end":{"line":72,"column":39}},"11":{"start":{"line":73,"column":8},"end":{"line":73,"column":41}},"12":{"start":{"line":73,"column":28},"end":{"line":73,"column":40}}},"branchMap":{"1":{"line":43,"type":"if","locations":[{"start":{"line":43,"column":8},"end":{"line":43,"column":8}},{"start":{"line":43,"column":8},"end":{"line":43,"column":8}}]},"2":{"line":44,"type":"if","locations":[{"start":{"line":44,"column":8},"end":{"line":44,"column":8}},{"start":{"line":44,"column":8},"end":{"line":44,"column":8}}]},"3":{"line":59,"type":"if","locations":[{"start":{"line":59,"column":8},"end":{"line":59,"column":8}},{"start":{"line":59,"column":8},"end":{"line":59,"column":8}}]},"4":{"line":73,"type":"if","locations":[{"start":{"line":73,"column":8},"end":{"line":73,"column":8}},{"start":{"line":73,"column":8},"end":{"line":73,"column":8}}]}}}}